\BOOKMARK [0][-]{chapter*.1}{\376\377\000P\000r\000e\000f\000a\000c\000e}{}% 1
\BOOKMARK [0][-]{chapter*.2}{\376\377\000T\000A\000B\000L\000E\000\040\000D\000E\000\040\000M\000A\000T\000I\000\310\000R\000E}{}% 2
\BOOKMARK [0][-]{chapter.1}{\376\377\000P\000r\000o\000b\000a\000b\000i\000l\000i\000t\000y\000\040\000a\000n\000d\000\040\000M\000e\000a\000s\000u\000r\000e\000\040\000T\000h\000e\000o\000r\000y}{}% 3
\BOOKMARK [1][-]{section.1.1}{\376\377\000G\000e\000n\000e\000r\000a\000l\000\040\000D\000e\000f\000i\000n\000i\000t\000i\000o\000n\000s}{chapter.1}% 4
\BOOKMARK [2][-]{subsection.1.1.1}{\376\377\000P\000r\000o\000b\000a\000b\000i\000l\000i\000t\000y\000\040\000s\000p\000a\000c\000e}{section.1.1}% 5
\BOOKMARK [2][-]{subsection.1.1.2}{\376\377\000M\000o\000n\000o\000t\000o\000n\000e\000\040\000c\000l\000a\000s\000s}{section.1.1}% 6
\BOOKMARK [2][-]{subsection.1.1.3}{\376\377\000R\000a\000n\000d\000o\000m\000\040\000v\000a\000r\000i\000a\000b\000l\000e\000s}{section.1.1}% 7
\BOOKMARK [1][-]{section.1.2}{\376\377\000E\000x\000p\000e\000c\000t\000a\000t\000i\000o\000n\000\040\000a\000n\000d\000\040\000M\000o\000m\000e\000n\000t\000s\000\040\000o\000f\000\040\000R\000a\000n\000d\000o\000m\000\040\000V\000a\000r\000i\000a\000b\000l\000e\000s}{chapter.1}% 8
\BOOKMARK [2][-]{subsection.1.2.1}{\376\377\000E\000x\000p\000e\000c\000t\000a\000t\000i\000o\000n}{section.1.2}% 9
\BOOKMARK [2][-]{subsection.1.2.2}{\376\377\000V\000a\000r\000i\000a\000n\000c\000e}{section.1.2}% 10
\BOOKMARK [2][-]{subsection.1.2.3}{\376\377\000C\000h\000a\000r\000a\000c\000t\000e\000r\000i\000s\000t\000i\000c\000\040\000F\000u\000n\000c\000t\000i\000o\000n}{section.1.2}% 11
\BOOKMARK [2][-]{subsection.1.2.4}{\376\377\000L\000a\000p\000l\000a\000c\000e\000\040\000t\000r\000a\000n\000s\000f\000o\000r\000m}{section.1.2}% 12
\BOOKMARK [1][-]{section.1.3}{\376\377\000L\000p\000\040\000S\000p\000a\000c\000e\000s}{chapter.1}% 13
\BOOKMARK [2][-]{subsection.1.3.1}{\376\377\000D\000e\373\001\000n\000i\000t\000i\000o\000n\000\040\000o\000f\000\040\000t\000h\000e\000\040\000s\000p\000a\000c\000e}{section.1.3}% 14
\BOOKMARK [2][-]{subsection.1.3.2}{\376\377\000P\000r\000i\000n\000c\000i\000p\000a\000l\000e\000\040\000i\000n\000e\000q\000u\000a\000l\000i\000t\000i\000e\000s}{section.1.3}% 15
\BOOKMARK [2][-]{subsection.1.3.3}{\376\377\000T\000o\000p\000o\000l\000o\000g\000i\000c\000a\000l\000\040\000s\000t\000r\000u\000c\000t\000u\000r\000e\000\040\000o\000f\000\040\000L\000p\000-\000s\000p\000a\000c\000e}{section.1.3}% 16
\BOOKMARK [2][-]{subsection.1.3.4}{\376\377\000T\000h\000e\000\040\000R\000a\000d\000o\000n\000-\000N\000i\000k\000o\000d\000y\000m\000\040\000T\000h\000e\000o\000r\000e\000m}{section.1.3}% 17
\BOOKMARK [1][-]{section.1.4}{\376\377\000\040\000M\000e\000a\000s\000u\000r\000e\000\040\000p\000r\000o\000d\000u\000c\000t\000\040\000a\000n\000d\000\040\000I\000n\000d\000e\000p\000e\000n\000d\000e\000n\000c\000e}{chapter.1}% 18
\BOOKMARK [2][-]{subsection.1.4.1}{\376\377\000P\000r\000o\000b\000a\000b\000i\000l\000i\000t\000i\000e\000s\000\040\000m\000e\000a\000s\000u\000r\000e\000s\000\040\000p\000r\000o\000d\000u\000c\000t}{section.1.4}% 19
\BOOKMARK [2][-]{subsection.1.4.2}{\376\377\000C\000o\000n\000v\000o\000l\000u\000t\000i\000o\000n}{section.1.4}% 20
\BOOKMARK [3][-]{paragraph*.3}{\376\377\000A\000p\000p\000r\000o\000x\000i\000m\000a\000t\000i\000o\000n\000s\000\040\000o\000f\000\040\000t\000h\000e\000\040\000D\000i\000r\000a\000c\000\040\000M\000e\000a\000s\000u\000r\000e}{subsection.1.4.2}% 21
\BOOKMARK [4][-]{paragraph*.6}{\376\377\000A\000p\000p\000l\000i\000c\000a\000t\000i\000o\000n}{paragraph*.3}% 22
\BOOKMARK [2][-]{subsection.1.4.3}{\376\377\000I\000n\000d\000e\000p\000e\000n\000d\000e\000n\000t\000\040\000E\000v\000e\000n\000t\000s}{section.1.4}% 23
\BOOKMARK [2][-]{subsection.1.4.4}{\376\377\000I\000n\000d\000e\000p\000e\000n\000d\000e\000n\000c\000e\000\040\000f\000o\000r\000\040\000-\000f\000i\000e\000l\000d\000s\000\040\000a\000n\000d\000\040\000R\000a\000n\000d\000o\000m\000\040\000V\000a\000r\000i\000a\000b\000l\000e\000s}{section.1.4}% 24
\BOOKMARK [2][-]{subsection.1.4.5}{\376\377\000S\000u\000m\000s\000\040\000o\000f\000\040\000I\000n\000d\000e\000p\000e\000n\000d\000e\000n\000t\000\040\000R\000a\000n\000d\000o\000m\000\040\000V\000a\000r\000i\000a\000b\000l\000e\000s}{section.1.4}% 25
\BOOKMARK [2][-]{subsection.1.4.6}{\376\377\000T\000h\000e\000\040\000B\000o\000r\000e\000l\040\023\000C\000a\000n\000t\000e\000l\000l\000i\000\040\000L\000e\000m\000m\000a}{section.1.4}% 26
\BOOKMARK [1][-]{section.1.5}{\376\377\000C\000o\000n\000d\000i\000t\000i\000o\000n\000i\000n\000g}{chapter.1}% 27
\BOOKMARK [2][-]{subsection.1.5.1}{\376\377\000D\000e\000f\000i\000n\000i\000t\000i\000o\000n\000\040\000o\000f\000\040\000c\000o\000n\000d\000i\000t\000i\000o\000n\000a\000l\000\040\000e\000x\000p\000e\000c\000t\000a\000i\000t\000o\000n}{section.1.5}% 28
\BOOKMARK [3][-]{subsubsection*.7}{\376\377\000D\000i\000s\000c\000r\000e\000t\000\040\000c\000a\000s\000e}{subsection.1.5.1}% 29
\BOOKMARK [3][-]{subsubsection*.8}{\376\377\000G\000e\000n\000e\000r\000a\000l\000\040\000c\000a\000s\000e}{subsection.1.5.1}% 30
\BOOKMARK [2][-]{subsection.1.5.2}{\376\377\000P\000r\000o\000p\000e\000r\000t\000i\000e\000s\000\040\000o\000f\000\040\000c\000o\000n\000d\000i\000t\000i\000o\000n\000a\000l\000\040\000E\000x\000p\000e\000c\000t\000a\000t\000i\000o\000n\000s}{section.1.5}% 31
\BOOKMARK [2][-]{subsection.1.5.3}{\376\377\000T\000r\000a\000n\000s\000i\000t\000i\000o\000n\000\040\000P\000r\000o\000b\000a\000b\000i\000l\000i\000t\000i\000e\000s\000\040\000a\000n\000d\000\040\000C\000o\000n\000d\000i\000t\000i\000o\000n\000a\000l\000\040\000D\000i\000s\000t\000r\000i\000b\000u\000t\000i\000o\000n\000s}{section.1.5}% 32
\BOOKMARK [2][-]{subsection.1.5.4}{\376\377\000E\000v\000a\000l\000u\000a\000t\000i\000o\000n\000\040\000o\000f\000\040\000C\000o\000n\000d\000i\000t\000i\000o\000n\000a\000l\000\040\000E\000x\000p\000e\000c\000t\000a\000t\000i\000o\000n}{section.1.5}% 33
\BOOKMARK [3][-]{subsubsection*.12}{\376\377\000D\000i\000s\000c\000r\000e\000t\000\040\000C\000a\000s\000e}{subsection.1.5.4}% 34
\BOOKMARK [3][-]{subsubsection*.13}{\376\377\000C\000o\000n\000t\000i\000n\000u\000o\000u\000s\000\040\000C\000a\000s\000e\000\040\000[\000R\000a\000n\000d\000o\000m\000\040\000V\000a\000r\000i\000a\000b\000l\000e\000s\000\040\000w\000i\000t\000h\000\040\000a\000\040\000D\000e\000n\000s\000i\000t\000y\000]}{subsection.1.5.4}% 35
\BOOKMARK [1][-]{section.1.6}{\376\377\000G\000a\000u\000s\000s\000i\000a\000n\000\040\000D\000i\000s\000t\000r\000i\000b\000u\000t\000i\000o\000n}{chapter.1}% 36
\BOOKMARK [1][-]{section.1.7}{\376\377\000C\000o\000n\000v\000e\000r\000g\000e\000n\000c\000e\000\040\000o\000f\000\040\000r\000a\000n\000d\000o\000m\000\040\000v\000a\000r\000i\000a\000b\000l\000e\000s}{chapter.1}% 37
\BOOKMARK [2][-]{subsection.1.7.1}{\376\377\000R\000e\000l\000a\000t\000i\000o\000n\000s\000h\000i\000p\000\040\000b\000e\000t\000w\000e\000e\000n\000\040\000m\000o\000d\000e\000s\000\040\000o\000f\000\040\000c\000o\000n\000v\000e\000r\000g\000e\000n\000c\000e\000s\000\040}{section.1.7}% 38
\BOOKMARK [2][-]{subsection.1.7.2}{\376\377\000T\000h\000e\000\040\000S\000t\000r\000o\000n\000g\000\040\000L\000a\000w\000\040\000o\000f\000\040\000L\000a\000r\000g\000e\000\040\000N\000u\000m\000b\000e\000r\000s}{section.1.7}% 39
\BOOKMARK [2][-]{subsection.1.7.3}{\376\377\000C\000o\000n\000v\000e\000r\000g\000e\000n\000c\000e\000\040\000i\000n\000\040\000D\000i\000s\000t\000r\000i\000b\000u\000t\000i\000o\000n}{section.1.7}% 40
\BOOKMARK [2][-]{subsection.1.7.4}{\376\377\000T\000h\000e\000\040\000C\000e\000n\000t\000r\000a\000l\000\040\000L\000i\000m\000i\000t\000\040\000T\000h\000e\000o\000r\000e\000m}{section.1.7}% 41
\BOOKMARK [2][-]{subsection.1.7.5}{\376\377\000T\000h\000e\000\040\000M\000u\000l\000t\000i\000d\000i\000m\000e\000n\000s\000i\000o\000n\000a\000l\000\040\000C\000e\000n\000t\000r\000a\000l\000\040\000L\000i\000m\000i\000t\000\040\000T\000h\000e\000o\000r\000e\000m}{section.1.7}% 42
\BOOKMARK [0][-]{chapter.2}{\376\377\000M\000a\000r\000t\000i\000n\000g\000a\000l\000e\000\040\000T\000h\000e\000o\000r\000y}{}% 43
\BOOKMARK [1][-]{section.2.1}{\376\377\000P\000r\000e\000l\000i\000m\000i\000n\000a\000r\000i\000e\000s}{chapter.2}% 44
\BOOKMARK [2][-]{subsection.2.1.1}{\376\377\000F\000i\000l\000t\000r\000a\000t\000i\000o\000n\000s\000\040\000a\000n\000d\000\040\000i\000n\000f\000o\000r\000m\000a\000t\000i\000o\000n\000\040\000f\000l\000o\000w}{section.2.1}% 45
\BOOKMARK [2][-]{subsection.2.1.2}{\376\377\000A\000d\000a\000p\000t\000e\000d\000\040\000p\000r\000o\000c\000e\000s\000s\000e\000s}{section.2.1}% 46
\BOOKMARK [1][-]{section.2.2}{\376\377\000M\000a\000r\000t\000i\000n\000g\000a\000l\000e\000s}{chapter.2}% 47
\BOOKMARK [1][-]{section.2.3}{\376\377\000S\000t\000o\000p\000p\000i\000n\000g\000\040\000t\000i\000m\000e\000s}{chapter.2}% 48
\BOOKMARK [0][-]{chapter*.18}{\376\377\000B\000i\000b\000l\000i\000o\000g\000r\000a\000p\000h\000i\000e}{}% 49
